<testsuite tests="118" failures="1" errors="0" time="0" name="D:\Repos\GitHub\DataHandwerk-toolkit-mssql\docs\build\html5\arc42-template.html">
  <testcase assertions="52" time="0" name="Duplicate Definition of id Check" />
  <testcase assertions="0" time="0" name="Missing Local Resources Check" />
  <testcase assertions="1" time="0" name="Missing Local Images Check" />
  <testcase assertions="63" time="0" name="Broken Internal Links Check" />
  <testcase assertions="1" time="0" name="Missing alt-attribute declaration in image tags" />
  <testcase assertions="0" time="0" name="Consistency of ImageMaps" />
  <testcase assertions="1" time="0" name="External Links Check">
    <failure type="anchor href attribute - broken external link" message="Warning: http://arc42.de returned statuscode 301, new location: https://arc42.de/"></failure>
  </testcase>
</testsuite>