<testsuite tests="200" failures="1" errors="0" time="0" name="D:\Repos\GitHub\DataHandwerk-toolkit-mssql\docs\build\html5\dwh-arc42.html">
  <testcase assertions="53" time="0" name="Duplicate Definition of id Check" />
  <testcase assertions="0" time="0" name="Missing Local Resources Check" />
  <testcase assertions="2" time="0" name="Missing Local Images Check" />
  <testcase assertions="92" time="0" name="Broken Internal Links Check" />
  <testcase assertions="27" time="0" name="Missing alt-attribute declaration in image tags" />
  <testcase assertions="0" time="0" name="Consistency of ImageMaps" />
  <testcase assertions="26" time="0" name="External Links Check">
    <failure type="anchor href attribute - broken external link" message="Warning: http://arc42.de returned statuscode 301, new location: https://arc42.de/"></failure>
  </testcase>
</testsuite>